GET /api/contacts 200 2036 - 138.176 ms
POST /api/contacts 201 187 - 119.403 ms
GET /api/contacts 200 2224 - 392.183 ms
GET /api/contacts 200 2224 - 59.665 ms
GET /api/contacts/ 200 2224 - 127.544 ms
POST /api/contacts/ 201 190 - 118.662 ms
GET /api/contacts/ 200 2415 - 67.591 ms
GET /api/contacts/ 500 45 - 37.163 ms
GET /api/contacts/ 500 26 - 39.783 ms
GET /api/contacts/ 500 26 - 3.513 ms
GET /api/contacts/ 200 2415 - 108.736 ms
GET /api/contacts1/ 404 29 - 51.981 ms
GET /api/contacts/ 200 2415 - 74.788 ms
DELETE /api/contacts/6637ea517b3f541e6fa3c709 200 28 - 175.967 ms
DELETE /api/contacts/6637ea517b3f541e6fa3c709 404 23 - 47.282 ms
GET /api/contacts/6637ea517b3f541e6fa3c709 404 23 - 92.605 ms
GET /api/contacts/ 200 2224 - 70.352 ms
POST /api/contacts/663670891ab7483f850a8f00/favorite 404 29 - 16.817 ms
POST /api/contacts/ 400 34 - 2.966 ms
POST /api/contacts/ 400 34 - 16.709 ms
POST /api/contacts/ 400 34 - 1.268 ms
POST /api/contacts/ 400 54 - 1.672 ms
POST /api/contacts/ 400 54 - 12.965 ms
POST /api/contacts/ 400 54 - 18.065 ms
POST /api/contacts/ 400 54 - 1.560 ms
POST /api/contacts/ 400 54 - 0.547 ms
POST /api/contacts/ 400 35 - 4.191 ms
POST /api/contacts/ 201 190 - 81.592 ms
GET /api/contacts/66386cbf56059b7be2b7ebf8 200 190 - 80.606 ms
GET /api/contacts/66386cbf56059b7be2b7e 400 53 - 1.928 ms
POST /users/register 404 29 - 17.513 ms
POST /users/register 404 29 - 13.622 ms
POST /users/register 200 25 - 68.367 ms
POST /users/register 400 123 - 74.016 ms
POST /users/register 201 27 - 81.721 ms
POST /users/register 400 38 - 6.659 ms
POST /users/register 201 37 - 72.164 ms
POST /users/register 500 32 - 49.630 ms
POST /users/register 400 135 - 89.552 ms
POST /users/register 409 135 - 89.843 ms
POST /users/register 409 26 - 60.853 ms
POST /users/register 201 39 - 207.168 ms
POST /users/login - - - - ms
POST /users/login 404 29 - 60.200 ms
POST /users/login 404 29 - 37.241 ms
POST /users/login 404 29 - 41.766 ms
POST /users/login 401 40 - 54.667 ms
POST /users/login 401 40 - 41.492 ms
POST /users/register 400 153 - 1.982 ms
POST /users/register 201 26 - 160.490 ms
POST /users/login 200 183 - 121.536 ms
GET /api/contacts/ 200 2415 - 62.938 ms
POST /users/login 200 183 - 96.532 ms
GET /api/contacts/ 200 2415 - 44.939 ms
GET /api/contacts/ 401 28 - 21.441 ms
GET /api/contacts/ 401 28 - 0.858 ms
GET /api/contacts/ 401 28 - 0.985 ms
GET /api/contacts/ 401 28 - 0.521 ms
GET /api/contacts/ 200 2415 - 83.473 ms
GET /users/login 404 29 - 0.999 ms
POST /users/login 200 183 - 99.691 ms
GET /api/contacts/ 401 28 - 14.447 ms
GET /api/contacts/ 401 28 - 15.188 ms
GET /api/contacts/ 401 28 - 1.329 ms
GET /api/contacts/ 401 28 - 11.728 ms
GET /api/contacts/ 401 28 - 23.317 ms
GET /api/contacts/ 200 2415 - 58.394 ms
POST /users/login 200 183 - 103.170 ms
GET /api/contacts/ 200 2415 - 114.319 ms
POST /api/contacts/ 400 45 - 410.321 ms
POST /api/contacts/ 400 45 - 45.829 ms
POST /api/contacts/ 400 45 - 37.564 ms
GET /users/login 404 29 - 73.419 ms
POST /users/login 200 183 - 259.283 ms
GET /api/contacts/ 401 28 - 12.504 ms
GET /api/contacts/ 401 28 - 1.252 ms
POST /users/register 409 26 - 49.996 ms
POST /users/login 200 183 - 166.259 ms
GET /api/contacts/ 401 28 - 1.366 ms
POST /api/contacts/ 401 28 - 1.190 ms
GET /api/contacts/ 200 2415 - 115.354 ms
POST /users/register 201 27 - 382.801 ms
GET /api/contacts/ 401 28 - 3.266 ms
POST /users/login 200 183 - 202.205 ms
GET /api/contacts/ 401 28 - 2.158 ms
POST /users/register 201 27 - 568.526 ms
POST /users/login 200 183 - 174.080 ms
POST /api/contacts/ 401 28 - 1.459 ms
GET /api/contacts/ 200 2415 - 120.224 ms
POST /api/contacts/ 201 248 - 327.813 ms
GET /api/contacts/ 200 2664 - 209.090 ms
POST /users/register 400 70 - 192.725 ms
POST /users/register 201 27 - 290.161 ms
POST /users/login 200 183 - 167.222 ms
POST /api/contacts/ 400 34 - 58.856 ms
POST /api/contacts/ 400 41 - 52.495 ms
POST /api/contacts/ 400 41 - 49.019 ms
POST /api/contacts/ 500 83 - 48.671 ms
POST /api/contacts/ 500 83 - 48.989 ms
POST /api/contacts/ 400 35 - 47.800 ms
POST /api/contacts/ 400 77 - 5.810 ms
POST /api/contacts/ 400 35 - 47.283 ms
POST /api/contacts/ 400 77 - 2.201 ms
POST /api/contacts/ 500 83 - 47.877 ms
POST /api/contacts/ 201 198 - 194.913 ms
GET /api/contacts/ 200 2863 - 109.986 ms
POST /users/login 400 149 - 14.369 ms
POST /users/login 200 183 - 182.819 ms
GET /api/contacts/ 200 2863 - 104.086 ms
GET /api/contacts/ 200 2 - 152.525 ms
GET /users/login 404 29 - 2.630 ms
POST /users/login 200 183 - 200.068 ms
GET /api/contacts/ 200 2 - 94.868 ms
POST /api/contacts/ 400 34 - 53.496 ms
POST /api/contacts/ 400 77 - 13.913 ms
POST /api/contacts/ 400 35 - 48.279 ms
POST /api/contacts/ 201 185 - 127.899 ms
GET /api/contacts/ 200 2 - 93.670 ms
GET /api/contacts/ 200 2 - 94.745 ms
POST /users/login 400 38 - 1.774 ms
POST /users/login 200 183 - 190.118 ms
POST /api/contacts/ 201 190 - 113.303 ms
GET /api/contacts/ 200 2 - 93.795 ms
POST /users/login 200 183 - 324.372 ms
GET /api/contacts/ 200 2 - 91.884 ms
GET /users/login 404 29 - 1.693 ms
POST /users/login 200 183 - 622.830 ms
POST /api/contacts/ 400 73 - 16.408 ms
POST /api/contacts/ 401 28 - 1.108 ms
POST /api/contacts/ 400 35 - 60.195 ms
POST /api/contacts/ 201 192 - 111.136 ms
POST /api/contacts/ 201 184 - 110.112 ms
POST /api/contacts/ 201 184 - 108.749 ms
POST /api/contacts/ 201 184 - 125.090 ms
POST /api/contacts/ 201 185 - 104.184 ms
POST /api/contacts/ 201 185 - 123.463 ms
GET /users/login 404 29 - 1.055 ms
POST /users/login 200 183 - 330.049 ms
POST /api/contacts/ 201 184 - 126.146 ms
POST /api/contacts/ 201 185 - 106.949 ms
POST /api/contacts/ 201 185 - 109.355 ms
POST /users/login 200 183 - 167.632 ms
GET /api/contacts/ 200 2 - 97.530 ms
GET /api/contacts/ 200 2 - 93.429 ms
POST /users/login 200 183 - 160.989 ms
GET /api/contacts/ 200 2 - 93.552 ms
GET /api/contacts/ 200 1115 - 184.073 ms
GET /api/contacts/ 200 2 - 177.282 ms
GET /api/contacts/ 200 2 - 109.380 ms
POST /api/contacts/ 400 34 - 119.815 ms
POST /users/login 200 183 - 186.341 ms
POST /api/contacts/ 201 185 - 125.293 ms
POST /api/contacts/ 201 184 - 98.946 ms
POST /api/contacts/ 201 219 - 171.333 ms
POST /users/login 200 183 - 171.100 ms
POST /api/contacts/ 201 219 - 119.374 ms
POST /api/contacts/ 201 219 - 102.575 ms
GET /api/contacts/ 200 441 - 95.782 ms
GET /api/contacts/ 200 441 - 93.746 ms
POST /users/login 200 183 - 158.069 ms
GET /api/contacts/ 200 2 - 113.105 ms
POST /api/contacts/ 201 219 - 143.572 ms
POST /users/login 200 183 - 167.842 ms
POST /api/contacts/ 201 219 - 97.257 ms
GET /api/contacts/ 200 221 - 93.020 ms
POST /users/login 200 183 - 171.463 ms
GET /api/contacts/ 200 221 - 93.652 ms
POST /users/login 200 183 - 159.230 ms
POST /api/contacts/ 201 219 - 114.197 ms
POST /api/contacts/ 201 219 - 100.993 ms
POST /api/contacts/ 201 219 - 106.966 ms
POST /api/contacts/ 201 219 - 115.516 ms
POST /users/login 200 183 - 378.991 ms
POST /api/contacts/ 201 219 - 99.029 ms
GET /api/contacts/ 200 221 - 94.500 ms
POST /users/login 200 183 - 171.058 ms
GET /api/contacts/ 200 221 - 382.270 ms
POST /users/login 200 183 - 167.646 ms
POST /api/contacts/ 201 220 - 125.555 ms
GET /api/contacts/ 200 442 - 95.292 ms
GET /api/contacts/ 200 286 - 156.099 ms
GET /api/contacts/ 200 354 - 219.631 ms
GET /api/contacts/?page=1&limit=20 200 354 - 218.130 ms
GET /api/contacts/?page=1&limit=1 200 177 - 141.185 ms
GET /api/contacts/?page=1&limit=2 200 354 - 145.249 ms
GET /user/current 404 29 - 4.535 ms
GET /users/current 401 28 - 2.460 ms
GET /users/current 200 52 - 70.988 ms
GET /users/current 200 52 - 82.633 ms
GET /users/current 401 28 - 2.610 ms
POST /users/login 200 183 - 359.344 ms
POST /users/login 200 183 - 305.155 ms
GET /users/logout 404 29 - 5.150 ms
POST /users/logout 401 28 - 4.265 ms
POST /users/logout 500 32 - 192.848 ms
POST /users/logout 500 32 - 53.314 ms
POST /users/logout 204 - - 135.845 ms
POST /users/logout 204 - - 147.707 ms
GET /users/current 401 28 - 2.066 ms
GET /users/register 404 29 - 50.612 ms
POST /users/register 201 27 - 258.651 ms
POST /users/login 200 183 - 249.769 ms
GET /users/current 200 52 - 46.364 ms
GET /users/current 401 28 - 1.900 ms
GET /users/current 200 52 - 47.636 ms
POST /users/logout 204 - - 98.114 ms
POST /users/register 409 26 - 121.839 ms
POST /users/register 201 27 - 256.080 ms
POST /users/login 200 183 - 228.582 ms
POST /users/logout 200 24 - 103.144 ms
PATCH /users/6638d8802a482af9ec01e81a/subscription 404 29 - 44.152 ms
PATCH /users/6638d8802a482af9ec01e81a/subscription 404 29 - 1.803 ms
POST /users/login 200 183 - 262.365 ms
PATCH /users/6638d8802a482af9ec01e81a/subscription 404 29 - 1.500 ms
PATCH /api/contacts/6638d8802a482af9ec01e81a/subscription 500 33 - 57.478 ms
POST /users/login 200 183 - 238.879 ms
PATCH /api/contacts/663b981a001b9f1e31916b7f/subscription 500 33 - 47.210 ms
PATCH /api/contacts/663b981a001b9f1e31916b7f/subscription 500 44 - 193.302 ms
PATCH /api/contacts/663b981a001b9f1e31916b7f/subscription 500 41 - 109.102 ms
PATCH /api/contacts/663b981a001b9f1e31916b7f/subscription 500 44 - 154.939 ms
PATCH /api/contacts/663b981a001b9f1e31916b7f/subscription 500 44 - 162.670 ms
PATCH /api/contacts/663b981a001b9f1e31916b7f/subscription 200 4 - 162.104 ms
PATCH /api/contacts/663b981a001b9f1e31916b7f/subscription 404 23 - 164.804 ms
GET /users/register 404 29 - 20.383 ms
POST /users/register 201 26 - 177.670 ms
POST /users/login 200 183 - 178.784 ms
POST /api/contacts/ 400 35 - 54.342 ms
POST /api/contacts/ 201 233 - 107.569 ms
GET /api/contacts/ 200 190 - 137.651 ms
GET /users/current 200 51 - 37.293 ms
GET /users/subscription 404 29 - 0.491 ms
POST /users/subscription 404 29 - 0.455 ms
PATCH /users/subscription 404 29 - 0.506 ms
PATCH /users/663dd93b2efb95ea8145a59c/subscription 500 36 - 40.942 ms
PATCH /users/663dd93b2efb95ea8145a59c/subscription 200 414 - 126.860 ms
PATCH /api/contacts/663dd93b2efb95ea8145a59c/favorite 404 23 - 91.231 ms
PATCH /api/contacts/663dd93b2efb95ea8145a59c/favorite 404 23 - 99.842 ms
PATCH /api/contacts/663dd93b2efb95ea8145a59c/favorite 404 23 - 121.192 ms
PATCH /api/contacts/663dd93b2efb95ea8145a59c/favorite 404 23 - 101.104 ms
PATCH /api/contacts/663dd93b2efb95ea8145a59c/favorite 404 23 - 92.810 ms
PATCH /api/contacts/663dd9f52efb95ea8145a5a2/favorite 200 232 - 134.052 ms
GET /api/contacts/?favorite=true 401 28 - 2.496 ms
GET /api/contacts/?favorite=true 200 189 - 180.003 ms
POST /users/register 201 27 - 516.976 ms
POST /users/register 201 52 - 159.856 ms
POST /users/login 500 41 - 160.907 ms
POST /users/login 200 238 - 162.705 ms
POST /users/login 200 229 - 160.995 ms
POST /users/register 500 69 - 165.374 ms
POST /users/register 409 26 - 62.389 ms
POST /users/register 201 52 - 156.169 ms
GET /api/contacts/ 401 28 - 7.067 ms
POST /users/login 200 229 - 158.735 ms
GET /api/contacts/ 200 189 - 144.306 ms
DELETE /api/contacts/663dd9f52efb95ea8145a5a2 401 28 - 2.605 ms
DELETE /api/contacts/663dd9f52efb95ea8145a5a2 404 23 - 80.150 ms
DELETE /api/contacts/663dd9f52efb95ea8145a5a2 404 23 - 69.715 ms
DELETE /api/contacts/663dd9f52efb95ea8145a5a2 404 23 - 92.270 ms
DELETE /api/contacts/663dd9f52efb95ea8145a5a2 200 28 - 102.924 ms
POST /api/contacts/ 201 233 - 103.675 ms
POST /api/contacts/ 201 234 - 79.648 ms
POST /api/contacts/ 201 235 - 83.555 ms
PATCH /api/contacts/663f485dc8be4288d7c7420d/favorite 401 28 - 3.031 ms
PATCH /api/contacts/663f485dc8be4288d7c7420d/favorite 200 232 - 117.238 ms
PATCH /users/663dd93b2efb95ea8145a59c/subscription 404 23 - 105.516 ms
GET /api/contacts/ 200 570 - 151.491 ms
GET /users/current 200 47 - 36.641 ms
PATCH /users/663dd93b2efb95ea8145a59c/subscription 404 23 - 81.724 ms
PATCH /users/663dd93b2efb95ea8145a59c/subscription 200 418 - 124.754 ms
PATCH /users/663dd93b2efb95ea8145a59c/subscription 200 414 - 133.471 ms
POST /users/login 200 234 - 432.075 ms
POST /users/register 201 52 - 309.184 ms
POST /users/register 201 51 - 224.335 ms
POST /users/login 200 233 - 285.097 ms
PATCH /users/avatars 500 82 - 95.556 ms
PATCH /users/avatars 500 82 - 91.790 ms
PATCH /users/avatars 500 82 - 177.014 ms
PATCH /users/avatars 500 82 - 114.734 ms
PATCH /users/avatars 500 82 - 87.958 ms
PATCH /users/avatars 500 82 - 90.551 ms
PATCH /users/avatars 500 82 - 57.753 ms
PATCH /users/avatars 500 82 - 103.931 ms
PATCH /users/avatars 500 82 - 86.111 ms
PATCH /users/avatars 500 82 - 514.056 ms
PATCH /users/avatars 500 82 - 109.358 ms
PATCH /users/avatars 500 82 - 86.739 ms
PATCH /users/avatars 500 82 - 59.525 ms
PATCH /users/avatars 500 82 - 59.205 ms
PATCH /users/avatars 500 82 - 88.936 ms
PATCH /users/avatars 500 82 - 98.029 ms
PATCH /users/avatars 500 82 - 93.749 ms
PATCH /users/avatars 500 82 - 177.319 ms
PATCH /users/avatars 500 82 - 132.899 ms
PATCH /users/avatars 500 82 - 119.100 ms
PATCH /users/avatars 500 82 - 106.427 ms
PATCH /users/avatars 500 82 - 115.485 ms
PATCH /users/avatars 200 76 - 108.685 ms
PATCH /users/avatars 200 76 - 92.895 ms
PATCH /users/avatars 200 76 - 122.477 ms
PATCH /users/avatars 500 33 - 106.878 ms
PATCH /users/avatars 200 76 - 119.090 ms
PATCH /users/avatars 200 76 - 95.986 ms
PATCH /users/avatars 200 76 - 59.263 ms
PATCH /users/avatars 200 76 - 98.151 ms
PATCH /users/avatars 200 76 - 299.066 ms
PATCH /users/avatars 500 296 - 103.053 ms
PATCH /users/avatars 500 296 - 102.035 ms
PATCH /users/avatars 500 296 - 92.607 ms
PATCH /users/avatars 200 76 - 117.163 ms
PATCH /users/avatars 200 72 - 99.721 ms
PATCH /users/avatars 200 72 - 623.873 ms
PATCH /users/avatars 401 28 - 16.729 ms
POST /users/login 200 233 - 319.142 ms
PATCH /users/avatars 200 72 - 604.243 ms
PATCH /users/avatars 200 72 - 866.499 ms
POST /users/register 201 52 - 274.669 ms
POST /users/login 200 234 - 232.144 ms
PATCH /users/avatars 200 72 - 470.125 ms
POST /users/register 201 52 - 218.081 ms
POST /users/login 200 234 - 251.550 ms
PATCH /users/avatars 200 72 - 514.559 ms
PATCH /users/avatars 500 96 - 90.135 ms
PATCH /users/avatars 500 201 - 1214.361 ms
PATCH /users/avatars 500 201 - 172.975 ms
PATCH /users/avatars 500 201 - 192.946 ms
PATCH /users/avatars 200 72 - 660.209 ms
PATCH /users/avatars 200 60 - 589.742 ms
PATCH /users/avatars 200 60 - 606.417 ms
POST /users/register 201 59 - 1874.772 ms
GET /users/verify/xSmeGQiWzJTB__R31Tt82 404 29 - 13.696 ms
GET /favicon.ico 404 29 - 6.471 ms
GET /users/verify/xSmeGQiWzJTB__R31Tt82 200 37 - 412.466 ms
POST /api/contacts/ 401 28 - 15.420 ms
POST /api/contacts/ 401 28 - 0.856 ms
POST /api/contacts/ 401 28 - 0.522 ms
POST /users/register 201 52 - 921.054 ms
POST /users/register 400 60 - 137.184 ms
POST /users/register 400 37 - 3.640 ms
POST /users/register 400 37 - 14.856 ms
POST /users/register 400 37 - 7.777 ms
POST /users/register 201 51 - 959.263 ms
POST /auth/register 409 26 - 81.231 ms
POST /auth/register 201 51 - 825.647 ms
POST /auth/register 201 51 - 877.145 ms
POST /auth/register 201 26 - 613.372 ms
POST /auth/login 400 34 - 3.192 ms
POST /auth/login 401 32 - 65.250 ms
POST /auth/login 401 32 - 67.960 ms
POST /auth/login 401 32 - 68.783 ms
POST /auth/login 401 32 - 51.557 ms
POST /auth/login 200 208 - 171.721 ms
POST /users/register 404 29 - 1.019 ms
POST /auth/register 400 34 - 3.131 ms
POST /auth/register 409 26 - 40.338 ms
POST /auth/register 201 27 - 849.583 ms
POST /auth/login 200 209 - 199.501 ms
POST /api/contacts/ 400 120 - 429.039 ms
POST /api/contacts/ 201 236 - 149.440 ms
POST /api/contacts/ 201 223 - 92.102 ms
GET /api/contacts/ 200 372 - 130.659 ms
POST /api/board/ 401 28 - 22.179 ms
POST /auth/register 201 27 - 1091.071 ms
POST /auth/login 200 208 - 156.855 ms
POST /api/board/ 400 106 - 52.640 ms
POST /api/board/ 201 208 - 100.656 ms
GET /api/board/ 404 29 - 4.973 ms
GET /api/board/66643548013b885a6e3a1f41 200 208 - 91.685 ms
PUT /api/board/66643548013b885a6e3a1f41 200 211 - 120.532 ms
DELETE /api/board/66643548013b885a6e3a1f41 200 28 - 97.892 ms
POST /auth/register 400 38 - 16.963 ms
POST /auth/register 201 27 - 1052.274 ms
POST /api/column/ 401 28 - 16.811 ms
POST /api/column/ 201 161 - 107.246 ms
POST /api/board/ 201 208 - 88.141 ms
POST /api/column/ 400 72 - 78.896 ms
POST /api/column/ 201 171 - 140.657 ms
POST /api/column/ 400 40 - 60.072 ms
POST /api/column/ 400 40 - 89.419 ms
POST /api/column/ 400 38 - 42.206 ms
POST /api/column/ 400 37 - 66.243 ms
POST /api/column/ 400 34 - 69.696 ms
POST /api/column/ 400 35 - 45.066 ms
POST /api/column/ 400 35 - 39.479 ms
POST /api/column/ 400 30 - 83.686 ms
POST /api/column/ 201 170 - 125.064 ms
PUT /api/column/66644486a41ac105b000bc1 400 55 - 59.366 ms
PUT /api/column/66644486a41ac105b000bc12 400 37 - 56.151 ms
PUT /api/column/66644486a41ac105b000bc12 200 162 - 121.960 ms
PUT /api/column/66644ac3eebe355907a1add1 200 162 - 98.631 ms
POST /api/column/ 201 170 - 136.631 ms
DELETE /api/column/666450dc69e48b15712e0d40 200 28 - 94.677 ms
POST /api/column/ 201 170 - 154.319 ms
POST /api/column/ 201 171 - 117.519 ms
DELETE /api/board/66644ac3eebe355907a1add1 404 23 - 152.732 ms
DELETE /api/board/666444cca41ac105b000bc15 200 28 - 124.304 ms
POST /api/board/ 201 208 - 122.254 ms
POST /api/board/ 201 196 - 89.784 ms
POST /api/board/ 201 196 - 79.179 ms
POST /api/column/ 201 165 - 114.821 ms
POST /api/column/ 201 165 - 114.812 ms
DELETE /api/board/6664561a2f1080fbefe9b4f9 200 28 - 133.415 ms
POST /api/column/ 201 165 - 218.325 ms
POST /api/column/ 201 164 - 188.578 ms
POST /card/ 404 29 - 12.255 ms
POST /api/card/ 400 41 - 55.623 ms
POST /api/card/ 400 41 - 44.738 ms
POST /api/card/ 400 41 - 46.289 ms
POST /api/card/ 500 44 - 70.227 ms
POST /api/card/ 400 135 - 102.817 ms
POST /api/card/ 400 135 - 87.447 ms
POST /api/card/ 400 98 - 102.680 ms
POST /api/card/ 201 250 - 137.713 ms
POST /api/card/ 400 53 - 38.432 ms
POST /api/card/ 201 250 - 132.493 ms
POST /api/card/ 400 38 - 84.372 ms
POST /api/card/ 201 250 - 175.493 ms
POST /api/card/ 201 250 - 134.481 ms
PUT /api/card/666467251fb1ccb0fae89584 401 28 - 15.145 ms
PUT /api/card/666467251fb1ccb0fae89584 200 289 - 310.822 ms
DELETE /api/card/666467251fb1ccb0fae89584 200 28 - 97.482 ms
DELETE /api/column/666461da48662bf1de66d77e 200 28 - 147.181 ms
POST /api/card/ 201 250 - 142.645 ms
POST /api/card/ 201 263 - 114.652 ms
DELETE /api/board/666456132f1080fbefe9b4f6 200 28 - 164.540 ms
POST /api/board/ 201 196 - 120.699 ms
POST /api/column/ 201 164 - 144.372 ms
POST /api/card/ 201 242 - 118.365 ms
POST /api/card/ 201 242 - 120.338 ms
POST /api/card/ 201 242 - 125.230 ms
POST /api/card/ 201 242 - 117.169 ms
DELETE /api/board/666488fe892e3334655deb7a 500 33 - 83.472 ms
DELETE /api/board/666488fe892e3334655deb7a 200 28 - 201.889 ms
POST /api/board/ 201 196 - 104.931 ms
POST /api/board/ 201 196 - 82.163 ms
POST /api/column/ 201 164 - 111.621 ms
POST /api/card/ 201 242 - 140.626 ms
PATCH /api/card/66648cc754e018b33c4e38dd/move 401 28 - 1.612 ms
PATCH /api/card/66648cc754e018b33c4e38dd/move 200 242 - 126.171 ms
POST /api/board/ 201 276 - 88.090 ms
POST /api/board/ 201 275 - 110.074 ms
POST /auth/register 201 27 - 820.323 ms
POST /auth/login 200 295 - 139.214 ms
POST /auth/register 409 26 - 70.255 ms
POST /auth/register 201 27 - 848.028 ms
POST /auth/login 200 296 - 166.198 ms
POST /auth/logout 204 - - 102.841 ms
POST /auth/logout 401 28 - 44.067 ms
POST /auth/logout 401 28 - 41.168 ms
POST /auth/logout 401 28 - 37.642 ms
POST /auth/login 401 40 - 50.882 ms
POST /auth/register 201 27 - 804.252 ms
POST /auth/login 200 296 - 149.371 ms
POST /auth/logout 401 28 - 42.109 ms
POST /auth/logout 204 - - 77.804 ms
POST /auth/logout 401 28 - 38.613 ms
POST /auth/logout 401 28 - 65.605 ms
POST /auth/logout 401 28 - 44.315 ms
POST /auth/logout 401 28 - 88.854 ms
POST /auth/login 200 296 - 159.446 ms
POST /auth/logout 204 - - 78.179 ms
POST /auth/logout 401 28 - 39.547 ms
POST /auth/logout 401 28 - 38.206 ms
POST /auth/logout/ 401 28 - 36.536 ms
POST /auth/logout/ 401 28 - 36.391 ms
POST /auth/logout/ 401 28 - 37.236 ms
POST /auth/logout/ 401 28 - 62.887 ms
POST /auth/login 200 296 - 156.151 ms
POST /auth/logout/ 204 - - 76.439 ms
POST /auth/logout/ 401 28 - 40.405 ms
POST /auth/logout/ 401 28 - 48.172 ms
POST /auth/logout/ 401 28 - 37.947 ms
POST /auth/logout/ 401 28 - 37.924 ms
POST /auth/logout/ 401 28 - 37.248 ms
POST /auth/register 201 27 - 1028.552 ms
POST /auth/login 200 296 - 139.990 ms
POST /auth/login 400 35 - 1.272 ms
POST /auth/logout/ 401 28 - 38.600 ms
POST /auth/login 400 35 - 0.666 ms
POST /auth/login 200 296 - 159.073 ms
POST /auth/logout/ 204 - - 88.817 ms
POST /auth/logout/ 401 28 - 79.555 ms
POST /api/board/ 401 28 - 37.285 ms
POST /auth/login 200 296 - 170.126 ms
POST /auth/logout/ 200 46 - 85.454 ms
POST /api/board/ 401 28 - 73.519 ms
PATCH /api/board/ 404 29 - 11.796 ms
PATCH /api/board/66648c6b54e018b33c4e38d2 401 28 - 66.511 ms
POST /auth/register 409 26 - 45.343 ms
POST /auth/register 201 27 - 785.798 ms
POST /auth/login 200 296 - 178.710 ms
POST /api/board/ 400 34 - 50.916 ms
POST /api/board/ 201 225 - 100.198 ms
POST /api/board/ 201 225 - 84.853 ms
GET /api/board/66643548013b885a6e3a1f41 404 23 - 73.616 ms
GET /api/board/6664e81c92068ed70bd839ff 200 225 - 78.550 ms
PATCH /api/board/6664e81c92068ed70bd839ff 401 28 - 39.546 ms
PATCH /api/board/6664e81c92068ed70bd839ff 200 226 - 97.018 ms
GET / 404 29 - 6.495 ms
GET /favicon.ico 404 29 - 1.898 ms
GET /api-docs 404 29 - 0.514 ms
GET /api-docs 404 29 - 0.799 ms
GET /api-docs 404 29 - 3.149 ms
GET /favicon.ico 404 29 - 0.551 ms
POST /auth/register 400 34 - 19.982 ms
POST /auth/register 400 34 - 1.457 ms
POST /auth/register 400 34 - 0.954 ms
POST /auth/register 400 35 - 24.175 ms
POST /auth/register 201 28 - 891.946 ms
POST /auth/login 200 328 - 207.008 ms
POST /auth/login 200 331 - 166.019 ms
POST /auth/login 200 331 - 169.988 ms
POST /auth/logout 401 28 - 2.277 ms
POST /auth/logout 401 28 - 0.519 ms
POST /auth/login 200 331 - 176.691 ms
POST /auth/logout 401 28 - 0.315 ms
POST /auth/logout 401 28 - 0.340 ms
POST /auth/login 200 331 - 192.758 ms
GET /api/board 404 29 - 1.564 ms
POST /api/board 401 28 - 2.652 ms
POST /api/board 400 35 - 52.077 ms
PATCH /api/board/66643548013b885a6e3a1f41 401 28 - 2.249 ms
PUT /api/board/66643548013b885a6e3a1f41 404 23 - 112.523 ms
PUT /api/board/6664e81c92068ed70bd839ff 200 264 - 105.989 ms
POST /auth/login 200 328 - 186.242 ms
POST /auth/login 200 343 - 215.353 ms
PATCH /auth/6664e6b092068ed70bd839f6 401 28 - 16.159 ms
PATCH /auth/6664e6b092068ed70bd839f6 200 556 - 124.000 ms
POST /auth/login 200 346 - 172.146 ms
POST /auth/login 200 346 - 139.340 ms
PATCH /auth/66670a6359b92d555e7ec481 400 69 - 2.405 ms
PATCH /auth/66670a6359b92d555e7ec481 400 69 - 15.706 ms
POST /auth/register 409 26 - 59.048 ms
POST /auth/login 200 346 - 154.081 ms
PATCH /auth/66670a6359b92d555e7ec481 401 28 - 1.327 ms
PATCH /auth/66670a6359b92d555e7ec481 401 28 - 0.829 ms
POST /api/column/ 401 28 - 14.389 ms
POST /api/column/ 201 164 - 189.446 ms
POST /auth/login 200 346 - 182.567 ms
POST /api/column 201 164 - 133.925 ms
PUT /api/column/6664614a00fe6cd64c4b8066 200 162 - 172.526 ms
PUT /api/column/6664614a00fe6cd64c4b8066 200 164 - 115.420 ms
DELETE /api/column/6664614a00fe6cd64c4b8066 401 28 - 7.481 ms
POST /auth/login 200 344 - 163.076 ms
DELETE /api/column/6664614a00fe6cd64c4b8066 404 23 - 151.524 ms
DELETE /api/column/66648c9154e018b33c4e38d9 200 28 - 131.428 ms
DELETE /api/column/6666e775dcdc568f9203f0b2 200 28 - 163.509 ms
POST /api/card/ 201 242 - 167.030 ms
PUT /api/card/666467251fb1ccb0fae89584 404 23 - 121.598 ms
PUT /api/card/6666efabdcdc568f9203f150 404 23 - 84.068 ms
PUT /api/card/6666eb25dcdc568f9203f112 404 23 - 87.401 ms
PUT /api/card/6667623a3c7dd6bc4a5646a9 200 230 - 85.577 ms
POST /api/card/ 201 242 - 208.952 ms
POST /api/card/ 201 242 - 137.097 ms
DELETE /api/card/6667648354c98c60f3818f1c 401 28 - 4.762 ms
DELETE /api/card/6667648354c98c60f3818f1c 200 28 - 98.135 ms
POST /auth/login 200 346 - 181.134 ms
PUT /api/card/6667648354c98c60f3818f1c 404 23 - 79.957 ms
PUT /api/card/6667648154c98c60f3818f17 200 227 - 84.744 ms
DELETE /api/card/6667648154c98c60f3818f17 200 28 - 87.159 ms
PATCH /api/card/6667623a3c7dd6bc4a5646a9/move 200 230 - 140.615 ms
POST /api/board/ 401 28 - 14.880 ms
POST /api/board/ 401 28 - 3.052 ms
POST /auth/login 200 344 - 154.188 ms
POST /api/board/ 400 97 - 45.008 ms
POST /api/board/ 201 257 - 96.618 ms
POST /api/board/ 201 244 - 84.266 ms
POST /api/column/ 201 164 - 137.181 ms
POST /api/column/ 201 177 - 120.868 ms
POST /api/column/ 201 183 - 123.245 ms
POST /api/card/ 201 269 - 138.800 ms
POST /api/card/ 201 268 - 118.130 ms
POST /api/board/ 201 240 - 96.276 ms
POST /api/board/ 201 240 - 92.291 ms
POST /api/board/ 201 240 - 90.636 ms
GET /auth/data 401 28 - 57.229 ms
GET /auth/data 200 2389 - 515.396 ms
POST /auth/login 200 346 - 170.845 ms
GET /auth/data 200 1194 - 472.250 ms
GET /auth/data 200 2389 - 468.990 ms
GET /auth/data 304 - - 300.169 ms
GET /auth/data 200 772 - 425.643 ms
GET /auth/data 200 369 - 289.474 ms
POST /auth/login 200 346 - 231.513 ms
GET /auth/data 304 - - 300.009 ms
GET /auth/data 200 1102 - 414.312 ms
POST /api/board/ 201 240 - 132.243 ms
GET /api/board/6664e81c92068ed70bd839ff 404 23 - 81.843 ms
GET /api/board/666786777ad5e7120fe6d40a 200 240 - 84.002 ms
GET /auth/data 200 1212 - 422.390 ms
GET /auth/data 200 1308 - 471.662 ms
GET /auth/data 200 554 - 303.563 ms
GET /api/column/6666eb25dcdc568f9203f112 401 28 - 5.750 ms
POST /auth/login 200 344 - 168.854 ms
POST /api/board/ 201 235 - 104.595 ms
POST /api/column/ 201 183 - 134.626 ms
GET /api/column/66678fa750a79ef5acc7c983 500 33 - 85.177 ms
POST /api/card/ 201 256 - 142.744 ms
POST /api/card/ 201 265 - 129.793 ms
GET /api/column/66678fa750a79ef5acc7c983 500 33 - 79.054 ms
GET /api/column/66678fa750a79ef5acc7c983 200 375 - 127.267 ms
PATCH /api/board/6666dba272592c056745c2bb/background 500 44 - 74.924 ms
PATCH /api/board/6666dba272592c056745c2bb/background 400 31 - 112.306 ms
PATCH /api/board/6666dba272592c056745c2bb/background 500 66 - 125.875 ms
PATCH /api/board/6666dba272592c056745c2bb/background 200 99 - 160.124 ms
PUT /api/board/6666dbd272592c056745c2c0 400 77 - 3.620 ms
PUT /api/board/6666dbd272592c056745c2c0 404 23 - 98.304 ms
PUT /api/board/6666dbd272592c056745c2c0 404 23 - 77.697 ms
POST /auth/login 200 344 - 142.994 ms
POST /api/board/ 201 235 - 98.213 ms
PUT /api/board/66682b45cbb0fa8c430b7b5a 200 381 - 80.125 ms
GET /api/column/66678fa750a79ef5acc7c983 200 117 - 160.513 ms
GET /api/column/66678fa750a79ef5acc7c983 200 412 - 149.236 ms
